2025-10-18T05:53:04.277Z | POST /api/login | 200 | 122.539 ms
2025-10-18T05:53:04.988Z | GET /api/product/fetch | 304 | 305.771 ms
2025-10-18T05:53:05.824Z | GET /uploads/HoYoWiki-image.png | 404 | 11.933 ms
2025-10-18T05:53:05.831Z | GET /uploads/HoYoWiki-image_4.png | 404 | 10.649 ms
2025-10-18T05:53:05.839Z | GET /uploads/HoYoWiki-image_2.png | 404 | 9.129 ms
2025-10-18T06:07:42.893Z | POST /api/signup | 201 | 346.506 ms
2025-10-18T06:08:10.573Z | POST /api/login | 200 | 51.065 ms
2025-10-18T06:08:10.863Z | GET /api/product/fetch | 304 | 78.585 ms
2025-10-18T06:08:11.489Z | GET /uploads/HoYoWiki-image.png | 404 | 17.676 ms
2025-10-18T06:08:11.508Z | GET /uploads/HoYoWiki-image_2.png | 404 | 25.514 ms
2025-10-18T06:08:11.533Z | GET /uploads/HoYoWiki-image_4.png | 404 | 34.327 ms
2025-10-18T06:12:08.535Z | GET /api/product/fetch | 304 | 436.381 ms
2025-10-18T06:12:09.169Z | GET /uploads/HoYoWiki-image.png | 404 | 6.070 ms
2025-10-18T06:12:09.183Z | GET /uploads/HoYoWiki-image_4.png | 404 | 11.351 ms
2025-10-18T06:12:09.196Z | GET /uploads/HoYoWiki-image_2.png | 404 | 14.273 ms
2025-10-18T06:12:32.918Z | POST /api/login | 200 | 54.091 ms
2025-10-18T06:12:33.184Z | GET /api/product/fetch | 304 | 66.215 ms
2025-10-18T06:12:33.714Z | GET /uploads/HoYoWiki-image_4.png | 404 | 3.906 ms
2025-10-18T06:12:33.719Z | GET /uploads/HoYoWiki-image_2.png | 404 | 5.795 ms
2025-10-18T06:12:33.741Z | GET /uploads/HoYoWiki-image.png | 404 | 8.950 ms
2025-10-18T06:13:13.043Z | GET /api/product/fetch | 304 | 217.814 ms
2025-10-18T06:13:13.666Z | GET /uploads/HoYoWiki-image.png | 404 | 9.467 ms
2025-10-18T06:13:13.690Z | GET /uploads/HoYoWiki-image_4.png | 404 | 13.879 ms
2025-10-18T06:13:13.695Z | GET /uploads/HoYoWiki-image_2.png | 404 | 13.368 ms
2025-10-18T06:13:48.581Z | GET /api/product/fetch | 304 | 55.500 ms
2025-10-18T06:13:49.771Z | GET /uploads/HoYoWiki-image.png | 404 | 17.739 ms
2025-10-18T06:13:49.789Z | GET /uploads/HoYoWiki-image_4.png | 404 | 18.160 ms
2025-10-18T06:13:49.805Z | GET /uploads/HoYoWiki-image_2.png | 404 | 22.866 ms
2025-10-18T06:13:56.294Z | GET /api/product/fetch | 304 | 52.596 ms
2025-10-18T06:13:56.840Z | GET /uploads/HoYoWiki-image_4.png | 404 | 2.193 ms
2025-10-18T06:13:56.853Z | GET /uploads/HoYoWiki-image_2.png | 404 | 10.070 ms
2025-10-18T06:13:56.865Z | GET /uploads/HoYoWiki-image.png | 404 | 11.834 ms
2025-10-18T06:14:00.828Z | GET /api/product/fetch | 304 | 49.905 ms
2025-10-18T06:14:01.413Z | GET /uploads/HoYoWiki-image_4.png | 404 | 1.447 ms
2025-10-18T06:14:01.425Z | GET /uploads/HoYoWiki-image_2.png | 404 | 8.200 ms
2025-10-18T06:14:01.433Z | GET /uploads/HoYoWiki-image.png | 404 | 9.747 ms
2025-10-18T06:14:23.786Z | GET /api/product/fetch | 304 | 58.111 ms
2025-10-18T06:16:55.531Z | POST /api/login | 200 | 46.908 ms
2025-10-18T06:16:55.866Z | GET /api/product/fetch | 304 | 134.933 ms
2025-10-18T06:16:56.416Z | GET /uploads/HoYoWiki-image_4.png | 404 | 1.904 ms
2025-10-18T06:16:56.428Z | GET /uploads/HoYoWiki-image.png | 404 | 7.983 ms
2025-10-18T06:16:56.439Z | GET /uploads/HoYoWiki-image_2.png | 404 | 10.462 ms
2025-10-18T06:21:42.640Z | PUT /api/user/update/68f32eaed5707a4487ae4866 | 200 | 181.242 ms
2025-10-18T06:22:18.919Z | PUT /api/user/update/68f32eaed5707a4487ae4866 | 200 | 165.402 ms
2025-10-18T06:22:28.854Z | GET /uploads/HoYoWiki-image_4.png | 404 | 32.025 ms
2025-10-18T06:22:28.903Z | GET /uploads/HoYoWiki-image.png | 404 | 30.981 ms
2025-10-18T06:22:28.912Z | GET /uploads/HoYoWiki-image_2.png | 404 | 24.864 ms
2025-10-18T06:23:25.497Z | GET /uploads/HoYoWiki-image_2.png | 404 | 4.031 ms
2025-10-18T06:23:25.504Z | GET /uploads/HoYoWiki-image_4.png | 404 | 8.065 ms
2025-10-18T06:23:25.517Z | GET /uploads/HoYoWiki-image.png | 404 | 12.732 ms
2025-10-18T06:23:58.728Z | GET /uploads/HoYoWiki-image.png | 404 | 46.441 ms
2025-10-18T06:23:58.746Z | GET /uploads/HoYoWiki-image_2.png | 404 | 50.594 ms
2025-10-18T06:23:58.782Z | GET /uploads/HoYoWiki-image_4.png | 404 | 66.166 ms
2025-10-18T06:34:45.417Z | GET /api/cart/68f32eaed5707a4487ae4866 | 200 | 79.184 ms
2025-10-18T06:34:48.327Z | GET /uploads/HoYoWiki-image_4.png | 404 | 16.737 ms
2025-10-18T06:34:48.332Z | GET /uploads/HoYoWiki-image.png | 404 | 17.193 ms
2025-10-18T06:34:48.338Z | GET /uploads/HoYoWiki-image_2.png | 404 | 30.073 ms
2025-10-18T06:35:53.018Z | GET /api/product/fetch | 304 | 83.454 ms
2025-10-18T06:36:05.404Z | GET /api/product/fetch | 304 | 47.290 ms
2025-10-18T06:36:14.122Z | GET /api/product/fetch | 304 | 44.187 ms
2025-10-18T06:38:05.980Z | GET /api/product/fetch | 304 | 99.171 ms
2025-10-18T06:38:20.397Z | POST /api/cart/add | 201 | 201.822 ms
2025-10-18T06:38:25.733Z | GET /uploads/HoYoWiki-image.png | 404 | 8.856 ms
2025-10-18T06:38:25.742Z | GET /uploads/HoYoWiki-image_4.png | 404 | 9.186 ms
2025-10-18T06:38:25.748Z | GET /uploads/HoYoWiki-image_2.png | 404 | 9.058 ms
2025-10-18T06:38:58.301Z | GET /api/cart/68f32eaed5707a4487ae4866 | 200 | 99.195 ms
2025-10-18T06:39:18.992Z | GET /api/product/fetch | 304 | 52.096 ms
2025-10-18T06:39:22.495Z | GET /uploads/HoYoWiki-image.png | 404 | 19.037 ms
2025-10-18T06:39:22.500Z | GET /uploads/HoYoWiki-image_4.png | 404 | 18.964 ms
2025-10-18T06:39:22.520Z | GET /uploads/HoYoWiki-image_2.png | 404 | 25.701 ms
2025-10-18T06:39:43.887Z | GET /api/product/fetch | 304 | 54.990 ms
2025-10-18T06:40:20.177Z | GET /api/cart/68f32eaed5707a4487ae4866 | 304 | 356.341 ms
2025-10-18T06:40:26.269Z | GET /uploads/HoYoWiki-image_2.png | 404 | 2.901 ms
2025-10-18T06:40:26.295Z | GET /uploads/HoYoWiki-image.png | 404 | 11.432 ms
2025-10-18T06:40:26.299Z | GET /uploads/HoYoWiki-image_4.png | 404 | 13.102 ms
2025-10-18T06:40:28.159Z | GET /api/cart/68f32eaed5707a4487ae4866 | 304 | 113.797 ms
2025-10-18T06:43:08.707Z | GET /uploads/HoYoWiki-image_2.png | 404 | 25.602 ms
2025-10-18T06:43:08.744Z | GET /uploads/HoYoWiki-image.png | 404 | 54.517 ms
2025-10-18T06:43:08.757Z | GET /uploads/HoYoWiki-image_4.png | 404 | 28.553 ms
2025-10-18T06:43:15.557Z | GET /api/cart/68f32eaed5707a4487ae4866 | 304 | 13949.448 ms
2025-10-18T06:43:38.787Z | POST /api/login | 200 | 317.764 ms
2025-10-18T06:43:39.393Z | GET /api/product/fetch | 304 | 415.752 ms
2025-10-18T06:43:39.969Z | GET /uploads/HoYoWiki-image.png | 404 | 8.430 ms
2025-10-18T06:43:39.974Z | GET /uploads/HoYoWiki-image_4.png | 404 | 8.216 ms
2025-10-18T06:43:40.002Z | GET /uploads/HoYoWiki-image_2.png | 404 | 21.930 ms
2025-10-18T06:43:44.442Z | GET /api/cart/68f32eaed5707a4487ae4866 | 304 | 491.842 ms
2025-10-18T06:43:49.619Z | GET /uploads/HoYoWiki-image_4.png | 404 | 4.398 ms
2025-10-18T06:43:49.634Z | GET /uploads/HoYoWiki-image_2.png | 404 | 15.912 ms
2025-10-18T06:43:49.645Z | GET /uploads/HoYoWiki-image.png | 404 | 13.913 ms
2025-10-18T06:43:59.992Z | POST /api/cart/add | 201 | 151.576 ms
2025-10-18T06:44:11.661Z | GET /uploads/HoYoWiki-image.png | 404 | 2.481 ms
2025-10-18T06:44:11.688Z | GET /uploads/HoYoWiki-image_4.png | 404 | 10.228 ms
2025-10-18T06:44:11.693Z | GET /uploads/HoYoWiki-image_2.png | 404 | 15.696 ms
2025-10-18T06:44:16.901Z | GET /uploads/HoYoWiki-image_4.png | 404 | 1.841 ms
2025-10-18T06:44:16.917Z | GET /uploads/HoYoWiki-image.png | 404 | 12.607 ms
2025-10-18T06:44:16.925Z | GET /uploads/HoYoWiki-image_2.png | 404 | 15.605 ms
2025-10-18T06:44:18.951Z | POST /api/login | 200 | 39.650 ms
2025-10-18T06:44:19.823Z | GET /api/product/fetch | 304 | 671.805 ms
2025-10-18T06:44:20.310Z | GET /uploads/HoYoWiki-image_4.png | 404 | 3.027 ms
2025-10-18T06:44:20.312Z | GET /uploads/HoYoWiki-image.png | 404 | 3.274 ms
2025-10-18T06:44:20.327Z | GET /uploads/HoYoWiki-image_2.png | 404 | 7.555 ms
2025-10-18T06:44:30.693Z | GET /uploads/HoYoWiki-image_4.png | 404 | 11.819 ms
2025-10-18T06:44:30.705Z | GET /uploads/HoYoWiki-image.png | 404 | 16.869 ms
2025-10-18T06:44:30.723Z | GET /uploads/HoYoWiki-image_2.png | 404 | 17.471 ms
2025-10-18T06:44:38.635Z | GET /uploads/HoYoWiki-image.png | 404 | 4.768 ms
2025-10-18T06:44:38.652Z | GET /uploads/HoYoWiki-image_2.png | 404 | 19.903 ms
2025-10-18T06:44:38.676Z | GET /uploads/HoYoWiki-image_4.png | 404 | 32.202 ms
2025-10-18T06:44:45.879Z | GET /uploads/HoYoWiki-image_2.png | 404 | 2.473 ms
2025-10-18T06:44:45.913Z | GET /uploads/HoYoWiki-image.png | 404 | 23.645 ms
2025-10-18T06:44:45.921Z | GET /uploads/HoYoWiki-image_4.png | 404 | 27.000 ms
2025-10-18T06:44:53.645Z | GET /api/cart/68f32eaed5707a4487ae4866 | 200 | 78.927 ms
2025-10-18T06:45:23.830Z | GET /api/cart/68f32eaed5707a4487ae4866 | 304 | 402.196 ms
2025-10-18T06:45:31.811Z | DELETE /api/cart/remove/68f335dc7fc45932f306d85c | 200 | 177.195 ms
2025-10-18T06:45:31.841Z | DELETE /api/cart/remove/68f335dc7fc45932f306d85c | 404 | 117.036 ms
2025-10-18T06:45:37.227Z | GET /uploads/HoYoWiki-image.png | 404 | 4.074 ms
2025-10-18T06:45:37.230Z | GET /uploads/HoYoWiki-image_2.png | 404 | 5.060 ms
2025-10-18T06:45:37.256Z | GET /uploads/HoYoWiki-image_4.png | 404 | 1.976 ms
2025-10-18T06:45:42.643Z | GET /api/cart/68f32eaed5707a4487ae4866 | 200 | 446.353 ms
2025-10-18T06:46:08.926Z | GET /uploads/HoYoWiki-image_4.png | 404 | 1.293 ms
2025-10-18T06:46:08.934Z | GET /uploads/HoYoWiki-image.png | 404 | 6.182 ms
2025-10-18T06:46:08.943Z | GET /uploads/HoYoWiki-image_2.png | 404 | 4.735 ms
2025-10-18T06:46:19.239Z | POST /api/cart/add | 201 | 387.989 ms
2025-10-18T06:46:19.332Z | POST /api/cart/add | 201 | 417.392 ms
2025-10-18T06:46:23.054Z | GET /uploads/HoYoWiki-image_2.png | 404 | 4.720 ms
2025-10-18T06:46:23.072Z | GET /uploads/HoYoWiki-image.png | 404 | 10.287 ms
2025-10-18T06:46:23.090Z | GET /uploads/HoYoWiki-image_4.png | 404 | 19.290 ms
2025-10-18T06:46:35.978Z | GET /api/cart/68f32eaed5707a4487ae4866 | 200 | 329.917 ms
2025-10-18T06:46:40.842Z | DELETE /api/cart/remove/68f337bb00876640838033e2 | 200 | 40.441 ms
2025-10-18T06:47:36.836Z | DELETE /api/cart/remove/68f337ba00876640838033df | 404 | 53.208 ms
2025-10-18T06:47:37.128Z | DELETE /api/cart/remove/68f337ba00876640838033df | 200 | 415.432 ms
2025-10-18T06:47:46.505Z | GET /uploads/HoYoWiki-image_4.png | 404 | 3.694 ms
2025-10-18T06:47:46.511Z | GET /uploads/HoYoWiki-image_2.png | 404 | 6.292 ms
2025-10-18T06:47:46.516Z | GET /uploads/HoYoWiki-image.png | 404 | 9.078 ms
2025-10-18T06:47:52.618Z | GET /api/cart/68f32eaed5707a4487ae4866 | 200 | 743.725 ms
2025-10-18T06:52:15.743Z | POST /api/user/change-password | 200 | 212.319 ms
2025-10-18T06:52:59.055Z | POST /api/user/change-password | 200 | 85.103 ms
2025-10-18T06:58:28.863Z | GET /api/cart/68f32eaed5707a4487ae4866 | 304 | 1026.616 ms
2025-10-18T07:00:17.635Z | POST /api/login | 200 | 99.298 ms
2025-10-18T07:00:18.026Z | GET /api/product/fetch | 304 | 143.956 ms
2025-10-18T07:00:18.703Z | GET /uploads/HoYoWiki-image.png | 404 | 12.066 ms
2025-10-18T07:00:18.722Z | GET /uploads/HoYoWiki-image_2.png | 404 | 12.050 ms
2025-10-18T07:00:18.729Z | GET /uploads/HoYoWiki-image_4.png | 404 | 13.507 ms
2025-10-18T07:12:19.246Z | POST /api/signup | 201 | 197.020 ms
2025-10-18T07:12:34.414Z | POST /api/login | 200 | 55.708 ms
2025-10-18T07:12:34.804Z | GET /api/product/fetch | 304 | 151.572 ms
2025-10-18T07:12:35.364Z | GET /uploads/HoYoWiki-image_2.png | 404 | 23.878 ms
2025-10-18T07:12:35.376Z | GET /uploads/HoYoWiki-image_4.png | 404 | 19.722 ms
2025-10-18T07:12:35.385Z | GET /uploads/HoYoWiki-image.png | 404 | 13.200 ms
2025-10-18T07:13:04.410Z | PUT /api/user/update/68f33dd3d990d4610411d2b7 | 200 | 122.090 ms
2025-10-18T07:13:09.594Z | GET /uploads/HoYoWiki-image.png | 404 | 5.635 ms
2025-10-18T07:13:09.605Z | GET /uploads/HoYoWiki-image_2.png | 404 | 12.480 ms
2025-10-18T07:13:09.625Z | GET /uploads/HoYoWiki-image_4.png | 404 | 23.593 ms
2025-10-18T07:13:30.306Z | POST /api/forgot-password | 500 | 1782.480 ms
2025-10-18T07:18:24.239Z | POST /api/forgot-password | 500 | 8993.732 ms
2025-10-18T07:18:32.791Z | POST /api/forgot-password | 500 | 1491.483 ms
2025-10-18T07:21:28.130Z | POST /api/forgot-password | 500 | 6802.489 ms
2025-10-18T07:22:31.093Z | POST /api/forgot-password | 500 | 13278.661 ms
2025-10-18T07:22:31.327Z | POST /api/forgot-password | 500 | 1895.076 ms
2025-10-18T07:26:06.722Z | POST /api/forgot-password | 500 | 10217.808 ms
2025-10-18T07:26:15.272Z | POST /api/forgot-password | 200 | 2954.492 ms
2025-10-18T07:29:54.955Z | POST /api/reset-password | 200 | 116.611 ms
2025-10-18T07:30:51.957Z | POST /api/login | 401 | 78.195 ms
2025-10-18T07:30:52.171Z | POST /api/login | 401 | 347.865 ms
2025-10-18T07:31:03.091Z | POST /api/login | 401 | 49.010 ms
2025-10-18T07:31:39.239Z | POST /api/login | 200 | 52.577 ms
2025-10-18T07:31:39.773Z | GET /api/product/fetch | 304 | 260.576 ms
2025-10-18T07:31:40.319Z | GET /uploads/HoYoWiki-image_4.png | 404 | 17.453 ms
2025-10-18T07:31:40.330Z | GET /uploads/HoYoWiki-image_2.png | 404 | 12.161 ms
2025-10-18T07:31:40.335Z | GET /uploads/HoYoWiki-image.png | 404 | 10.069 ms
2025-10-18T07:34:24.166Z | GET /uploads/HoYoWiki-image_2.png | 404 | 39.750 ms
2025-10-18T07:34:24.199Z | GET /uploads/HoYoWiki-image.png | 404 | 42.173 ms
2025-10-18T07:34:24.204Z | GET /uploads/HoYoWiki-image_4.png | 404 | 22.659 ms
2025-10-18T07:34:37.544Z | GET /api/cart/68f33dd3d990d4610411d2b7 | 200 | 55.367 ms
2025-10-18T07:34:42.912Z | GET /uploads/HoYoWiki-image_2.png | 404 | 3.489 ms
2025-10-18T07:34:42.923Z | GET /uploads/HoYoWiki-image.png | 404 | 12.089 ms
2025-10-18T07:34:42.935Z | GET /uploads/HoYoWiki-image_4.png | 404 | 14.584 ms
2025-10-18T07:34:50.928Z | POST /api/cart/add | 201 | 138.825 ms
2025-10-18T07:34:54.723Z | GET /uploads/HoYoWiki-image_4.png | 404 | 2.600 ms
2025-10-18T07:34:54.756Z | GET /uploads/HoYoWiki-image_2.png | 404 | 23.822 ms
2025-10-18T07:34:54.770Z | GET /uploads/HoYoWiki-image.png | 404 | 19.126 ms
2025-10-18T07:34:57.599Z | GET /api/cart/68f33dd3d990d4610411d2b7 | 200 | 122.562 ms
2025-10-18T07:35:13.831Z | GET /uploads/HoYoWiki-image.png | 404 | 3.307 ms
2025-10-18T07:35:13.834Z | GET /uploads/HoYoWiki-image_4.png | 404 | 4.194 ms
2025-10-18T07:35:13.846Z | GET /uploads/HoYoWiki-image_2.png | 404 | 3.201 ms
2025-10-18T07:35:26.027Z | GET /uploads/HoYoWiki-image_4.png | 404 | 4.022 ms
2025-10-18T07:35:26.040Z | GET /uploads/HoYoWiki-image.png | 404 | 15.354 ms
2025-10-18T07:35:26.046Z | GET /uploads/HoYoWiki-image_2.png | 404 | 10.582 ms
2025-10-18T07:35:35.981Z | POST /api/cart/add | 200 | 642.823 ms
2025-10-18T07:35:40.045Z | GET /uploads/HoYoWiki-image_2.png | 404 | 3.539 ms
2025-10-18T07:35:40.064Z | GET /uploads/HoYoWiki-image_4.png | 404 | 11.163 ms
2025-10-18T07:35:40.073Z | GET /uploads/HoYoWiki-image.png | 404 | 15.421 ms
2025-10-18T07:35:41.895Z | GET /api/cart/68f33dd3d990d4610411d2b7 | 200 | 626.474 ms
2025-10-18T07:38:58.473Z | POST /api/forgot-password | 200 | 3051.004 ms
2025-10-18T07:39:45.236Z | POST /api/reset-password | 200 | 410.299 ms
2025-10-18T07:40:18.356Z | POST /api/login | 200 | 275.131 ms
2025-10-18T07:40:18.685Z | GET /api/product/fetch | 304 | 116.423 ms
2025-10-18T07:40:19.258Z | GET /uploads/HoYoWiki-image_2.png | 404 | 28.110 ms
2025-10-18T07:40:19.298Z | GET /uploads/HoYoWiki-image_4.png | 404 | 23.162 ms
2025-10-18T07:40:19.305Z | GET /uploads/HoYoWiki-image.png | 404 | 25.018 ms
2025-10-18T07:44:07.055Z | GET /api/cart/68f33dd3d990d4610411d2b7 | 304 | 526.948 ms
2025-10-18T07:44:11.413Z | POST /api/orders/create | 201 | 854.853 ms
2025-10-18T07:44:27.660Z | GET /uploads/HoYoWiki-image_2.png | 404 | 20.730 ms
2025-10-18T07:44:27.666Z | GET /uploads/HoYoWiki-image_4.png | 404 | 16.209 ms
2025-10-18T07:44:27.671Z | GET /uploads/HoYoWiki-image.png | 404 | 12.833 ms
2025-10-18T07:44:28.978Z | GET /api/cart/68f33dd3d990d4610411d2b7 | 200 | 68.657 ms
2025-10-18T07:45:58.235Z | GET /uploads/HoYoWiki-image_4.png | 404 | 2.471 ms
2025-10-18T07:45:58.252Z | GET /uploads/HoYoWiki-image_2.png | 404 | 11.122 ms
2025-10-18T07:45:58.263Z | GET /uploads/HoYoWiki-image.png | 404 | 13.799 ms
2025-10-18T07:46:01.704Z | GET /api/orders/68f33dd3d990d4610411d2b7 | 200 | 71.828 ms
2025-10-18T07:46:27.587Z | GET /api/orders/68f33dd3d990d4610411d2b7 | 304 | 69.586 ms
2025-10-18T07:46:32.168Z | GET /api/orders/68f33dd3d990d4610411d2b7 | 304 | 63.997 ms
2025-10-18T07:46:54.359Z | GET /api/orders/68f33dd3d990d4610411d2b7 | 304 | 139.925 ms
2025-10-18T07:47:02.436Z | GET /api/orders/68f33dd3d990d4610411d2b7 | 304 | 64.402 ms
2025-10-18T07:47:06.249Z | GET /api/orders/68f33dd3d990d4610411d2b7 | 304 | 63.073 ms
2025-10-18T07:47:17.772Z | GET /api/cart/68f33dd3d990d4610411d2b7 | 304 | 69.929 ms
2025-10-18T07:47:20.862Z | GET /api/orders/68f33dd3d990d4610411d2b7 | 304 | 64.435 ms
2025-10-18T07:47:50.096Z | GET /uploads/HoYoWiki-image.png | 404 | 4.270 ms
2025-10-18T07:47:50.106Z | GET /uploads/HoYoWiki-image_2.png | 404 | 7.832 ms
2025-10-18T07:47:50.121Z | GET /uploads/HoYoWiki-image_4.png | 404 | 19.520 ms
2025-10-18T07:48:14.039Z | POST /api/cart/add | 201 | 148.801 ms
2025-10-18T07:48:18.773Z | GET /uploads/HoYoWiki-image_4.png | 404 | 12.879 ms
2025-10-18T07:48:18.777Z | GET /uploads/HoYoWiki-image_2.png | 404 | 11.538 ms
2025-10-18T07:48:18.798Z | GET /uploads/HoYoWiki-image.png | 404 | 20.390 ms
2025-10-18T07:48:20.439Z | GET /api/cart/68f33dd3d990d4610411d2b7 | 200 | 129.017 ms
2025-10-18T07:49:18.958Z | GET /api/cart/68f33dd3d990d4610411d2b7 | 304 | 132.729 ms
2025-10-18T07:49:28.130Z | GET /api/cart/68f33dd3d990d4610411d2b7 | 304 | 149.647 ms
2025-10-18T07:49:43.514Z | GET /api/cart/68f33dd3d990d4610411d2b7 | 304 | 413.820 ms
2025-10-18T07:49:50.636Z | GET /api/cart/68f33dd3d990d4610411d2b7 | 304 | 720.144 ms
2025-10-18T07:50:04.001Z | GET /api/cart/68f33dd3d990d4610411d2b7 | 304 | 130.215 ms
2025-10-18T07:50:21.252Z | GET /api/orders/68f33dd3d990d4610411d2b7 | 304 | 68.245 ms
2025-10-18T07:50:36.387Z | GET /api/orders/68f33dd3d990d4610411d2b7 | 304 | 63.439 ms
2025-10-18T07:51:22.251Z | GET /api/cart/68f33dd3d990d4610411d2b7 | 304 | 434.667 ms
2025-10-18T07:51:27.921Z | GET /api/cart/68f33dd3d990d4610411d2b7 | 304 | 130.633 ms
2025-10-18T07:52:21.739Z | POST /api/orders/create | 201 | 586.963 ms
2025-10-18T07:57:52.636Z | GET /api/cart/68f33dd3d990d4610411d2b7 | 200 | 68.061 ms
2025-10-18T07:57:53.957Z | GET /uploads/HoYoWiki-image_2.png | 404 | 14.449 ms
2025-10-18T07:57:53.966Z | GET /uploads/HoYoWiki-image_4.png | 404 | 20.411 ms
2025-10-18T07:57:53.977Z | GET /uploads/HoYoWiki-image.png | 404 | 24.435 ms
2025-10-18T07:57:56.540Z | GET /api/cart/68f33dd3d990d4610411d2b7 | 304 | 70.264 ms
2025-10-18T07:58:08.196Z | POST /api/forgot-password | 200 | 3955.910 ms
2025-10-18T08:02:45.033Z | POST /api/login | 401 | 62.526 ms
2025-10-18T08:02:54.653Z | POST /api/login | 401 | 63.909 ms
2025-10-18T08:03:19.668Z | POST /api/login | 200 | 517.144 ms
2025-10-18T08:03:20.131Z | GET /api/product/fetch | 304 | 134.667 ms
2025-10-18T08:03:20.756Z | GET /uploads/HoYoWiki-image_2.png | 404 | 3.806 ms
2025-10-18T08:03:20.773Z | GET /uploads/HoYoWiki-image_4.png | 404 | 10.982 ms
2025-10-18T08:03:20.785Z | GET /uploads/HoYoWiki-image.png | 404 | 19.653 ms
2025-10-18T08:03:26.342Z | GET /uploads/HoYoWiki-image_4.png | 404 | 1.324 ms
2025-10-18T08:03:26.353Z | GET /uploads/HoYoWiki-image.png | 404 | 7.117 ms
2025-10-18T08:03:26.356Z | GET /uploads/HoYoWiki-image_2.png | 404 | 8.114 ms
2025-10-18T08:03:39.326Z | GET /uploads/HoYoWiki-image_2.png | 404 | 1.818 ms
2025-10-18T08:03:39.346Z | GET /uploads/HoYoWiki-image.png | 404 | 12.819 ms
2025-10-18T08:03:39.356Z | GET /uploads/HoYoWiki-image_4.png | 404 | 12.612 ms
2025-10-18T08:03:42.686Z | GET /uploads/HoYoWiki-image_4.png | 404 | 9.662 ms
2025-10-18T08:03:42.695Z | GET /uploads/HoYoWiki-image_2.png | 404 | 14.597 ms
2025-10-18T08:03:42.715Z | GET /uploads/HoYoWiki-image.png | 404 | 5.951 ms
2025-10-18T08:03:44.512Z | GET /api/orders/68f33dd3d990d4610411d2b7 | 200 | 63.037 ms
2025-10-18T08:04:55.828Z | GET /uploads/HoYoWiki-image_4.png | 404 | 2.093 ms
2025-10-18T08:04:55.844Z | GET /uploads/HoYoWiki-image.png | 404 | 9.352 ms
2025-10-18T08:04:55.847Z | GET /uploads/HoYoWiki-image_2.png | 404 | 11.296 ms
2025-10-18T08:06:12.897Z | GET /uploads/HoYoWiki-image_4.png | 404 | 1.712 ms
2025-10-18T08:06:12.912Z | GET /uploads/HoYoWiki-image.png | 404 | 9.109 ms
2025-10-18T08:06:12.915Z | GET /uploads/HoYoWiki-image_2.png | 404 | 9.792 ms
2025-10-18T08:08:59.488Z | GET /uploads/HoYoWiki-image.png | 404 | 1.739 ms
2025-10-18T08:09:00.567Z | GET /uploads/HoYoWiki-image_4.png | 404 | 1.871 ms
2025-10-18T08:09:00.591Z | GET /uploads/HoYoWiki-image_2.png | 404 | 2.804 ms
2025-10-18T08:09:00.594Z | GET /uploads/HoYoWiki-image.png | 404 | 1.246 ms
2025-10-18T08:09:02.641Z | GET /uploads/HoYoWiki-image_4.png | 404 | 5.539 ms
2025-10-18T08:09:02.645Z | GET /uploads/HoYoWiki-image.png | 404 | 5.905 ms
2025-10-18T08:09:02.659Z | GET /uploads/HoYoWiki-image_2.png | 404 | 5.072 ms
2025-10-18T08:09:47.407Z | GET /api/product/fetch | 304 | 156.667 ms
2025-10-18T08:10:14.382Z | GET /api/product/fetch | 304 | 122.078 ms
2025-10-18T08:10:32.435Z | GET /uploads/HoYoWiki-image_4.png | 404 | 3.237 ms
2025-10-18T08:10:32.465Z | GET /uploads/HoYoWiki-image_2.png | 404 | 9.333 ms
2025-10-18T08:10:32.483Z | GET /uploads/HoYoWiki-image.png | 404 | 2.270 ms
2025-10-18T08:21:24.116Z | GET /api/cart/68f33dd3d990d4610411d2b7 | 304 | 60.601 ms
2025-10-18T08:21:39.161Z | GET /api/cart/68f33dd3d990d4610411d2b7 | 304 | 332.618 ms
2025-10-18T08:21:57.297Z | GET /api/cart/68f33dd3d990d4610411d2b7 | 304 | 57.977 ms
2025-10-18T08:22:02.099Z | GET /api/orders/68f33dd3d990d4610411d2b7 | 304 | 61.842 ms
2025-10-18T08:22:08.470Z | GET /api/orders/68f33dd3d990d4610411d2b7 | 304 | 63.671 ms
2025-10-18T08:22:13.560Z | GET /api/cart/68f33dd3d990d4610411d2b7 | 304 | 60.816 ms
2025-10-18T08:22:15.725Z | GET /uploads/HoYoWiki-image_4.png | 404 | 1.317 ms
2025-10-18T08:22:15.740Z | GET /uploads/HoYoWiki-image_2.png | 404 | 9.535 ms
2025-10-18T08:22:15.755Z | GET /uploads/HoYoWiki-image.png | 404 | 22.692 ms
2025-10-18T08:22:23.911Z | POST /api/cart/add | 201 | 403.699 ms
2025-10-18T08:22:25.665Z | GET /uploads/HoYoWiki-image.png | 404 | 4.405 ms
2025-10-18T08:22:25.676Z | GET /uploads/HoYoWiki-image_2.png | 404 | 6.127 ms
2025-10-18T08:22:25.681Z | GET /uploads/HoYoWiki-image_4.png | 404 | 9.233 ms
2025-10-18T08:22:29.490Z | GET /api/cart/68f33dd3d990d4610411d2b7 | 200 | 410.992 ms
2025-10-18T08:22:33.030Z | POST /api/orders/create | 201 | 215.406 ms
2025-10-18T08:22:33.206Z | GET /api/orders/68f33dd3d990d4610411d2b7 | 200 | 60.909 ms
2025-10-18T08:23:01.589Z | GET /api/orders/68f33dd3d990d4610411d2b7 | 304 | 69.709 ms
2025-10-18T08:23:32.021Z | GET /api/orders/68f33dd3d990d4610411d2b7 | 304 | 64.611 ms
2025-10-18T08:23:50.512Z | GET /api/cart/68f33dd3d990d4610411d2b7 | 200 | 58.783 ms
2025-10-18T08:23:53.210Z | GET /api/orders/68f33dd3d990d4610411d2b7 | 304 | 60.053 ms
2025-10-18T08:24:01.081Z | GET /api/orders/68f33dd3d990d4610411d2b7 | 304 | 68.141 ms
2025-10-18T08:24:03.299Z | GET /api/cart/68f33dd3d990d4610411d2b7 | 304 | 340.633 ms
2025-10-18T08:24:04.821Z | GET /api/orders/68f33dd3d990d4610411d2b7 | 304 | 91.613 ms
2025-10-18T08:24:11.358Z | GET /uploads/HoYoWiki-image_4.png | 404 | 1.219 ms
2025-10-18T08:24:11.373Z | GET /uploads/HoYoWiki-image_2.png | 404 | 9.548 ms
2025-10-18T08:24:11.380Z | GET /uploads/HoYoWiki-image.png | 404 | 11.927 ms
2025-10-18T08:24:44.905Z | GET /uploads/HoYoWiki-image_4.png | 404 | 2.227 ms
2025-10-18T08:24:44.916Z | GET /uploads/HoYoWiki-image.png | 404 | 7.056 ms
2025-10-18T08:24:44.922Z | GET /uploads/HoYoWiki-image_2.png | 404 | 7.107 ms
2025-10-18T08:25:29.977Z | GET /api/cart/68f33dd3d990d4610411d2b7 | 304 | 61.467 ms
2025-10-18T08:25:34.054Z | GET /uploads/HoYoWiki-image_2.png | 404 | 12.360 ms
2025-10-18T08:25:34.057Z | GET /uploads/HoYoWiki-image_4.png | 404 | 10.460 ms
2025-10-18T08:25:34.059Z | GET /uploads/HoYoWiki-image.png | 404 | 9.671 ms
2025-10-18T08:25:38.081Z | GET /uploads/HoYoWiki-image_4.png | 404 | 5.929 ms
2025-10-18T08:25:38.082Z | GET /uploads/HoYoWiki-image_2.png | 404 | 4.653 ms
2025-10-18T08:25:38.084Z | GET /uploads/HoYoWiki-image.png | 404 | 4.514 ms
2025-10-18T08:25:55.280Z | GET /uploads/HoYoWiki-image_2.png | 404 | 2.939 ms
2025-10-18T08:25:55.283Z | GET /uploads/HoYoWiki-image.png | 404 | 4.827 ms
2025-10-18T08:25:55.287Z | GET /uploads/HoYoWiki-image_4.png | 404 | 5.007 ms
2025-10-18T08:26:02.315Z | GET /api/cart/68f33dd3d990d4610411d2b7 | 304 | 58.550 ms
2025-10-18T08:26:03.370Z | GET /api/orders/68f33dd3d990d4610411d2b7 | 304 | 63.281 ms
2025-10-18T08:26:27.414Z | GET /api/orders/68f33dd3d990d4610411d2b7 | 304 | 64.341 ms
2025-10-18T08:26:31.138Z | GET /uploads/HoYoWiki-image.png | 404 | 4.176 ms
2025-10-18T08:26:31.143Z | GET /uploads/HoYoWiki-image_2.png | 404 | 2.745 ms
2025-10-18T08:26:31.144Z | GET /uploads/HoYoWiki-image_4.png | 404 | 2.643 ms
2025-10-18T08:38:49.338Z | GET /api/cart/68f33dd3d990d4610411d2b7 | 304 | 89.108 ms
2025-10-18T08:38:51.981Z | GET /uploads/HoYoWiki-image.png | 404 | 37.000 ms
2025-10-18T08:38:51.985Z | GET /uploads/HoYoWiki-image_2.png | 404 | 39.822 ms
2025-10-18T08:38:51.994Z | GET /uploads/HoYoWiki-image_4.png | 404 | 59.459 ms
2025-10-18T08:38:56.645Z | POST /api/cart/add | 201 | 452.132 ms
2025-10-18T08:39:00.884Z | GET /uploads/HoYoWiki-image_2.png | 404 | 35.287 ms
2025-10-18T08:39:00.894Z | GET /uploads/HoYoWiki-image.png | 404 | 27.376 ms
2025-10-18T08:39:00.906Z | GET /uploads/HoYoWiki-image_4.png | 404 | 22.639 ms
2025-10-18T08:39:02.172Z | GET /api/cart/68f33dd3d990d4610411d2b7 | 200 | 116.637 ms
2025-10-18T08:39:35.535Z | GET /api/cart/68f33dd3d990d4610411d2b7 | 304 | 101.107 ms
2025-10-18T08:40:04.102Z | GET /api/cart/68f33dd3d990d4610411d2b7 | 304 | 188.568 ms
2025-10-18T08:40:07.095Z | GET /api/cart/68f33dd3d990d4610411d2b7 | 304 | 91.689 ms
2025-10-18T08:40:25.874Z | GET /api/cart/68f33dd3d990d4610411d2b7 | 304 | 85.279 ms
2025-10-18T08:40:29.749Z | GET /api/cart/68f33dd3d990d4610411d2b7 | 304 | 93.740 ms
2025-10-18T08:40:49.270Z | GET /api/cart/68f33dd3d990d4610411d2b7 | 304 | 95.049 ms
2025-10-18T08:41:25.880Z | GET /api/cart/68f33dd3d990d4610411d2b7 | 304 | 363.738 ms
2025-10-18T08:41:28.023Z | PATCH /api/cart/increment/68f3522006d9fd140b56d4af | 200 | 260.811 ms
2025-10-18T08:41:40.391Z | PATCH /api/cart/increment/68f3522006d9fd140b56d4af | 200 | 129.277 ms
2025-10-18T08:41:56.110Z | PATCH /api/cart/decrement/68f3522006d9fd140b56d4af | 200 | 105.672 ms
2025-10-18T08:42:14.682Z | GET /uploads/HoYoWiki-image_4.png | 404 | 5.599 ms
2025-10-18T08:42:14.689Z | GET /uploads/HoYoWiki-image.png | 404 | 9.607 ms
2025-10-18T08:42:14.698Z | GET /uploads/HoYoWiki-image_2.png | 404 | 15.819 ms
2025-10-18T08:56:54.306Z | GET /uploads/HoYoWiki-image_2.png | 404 | 13.098 ms
2025-10-18T08:56:54.718Z | GET /uploads/HoYoWiki-image_4.png | 404 | 5.149 ms
2025-10-18T08:56:54.741Z | GET /uploads/HoYoWiki-image.png | 404 | 6.688 ms
2025-10-18T08:57:03.932Z | GET /api/cart/68f33dd3d990d4610411d2b7 | 200 | 695.481 ms
2025-10-18T08:57:06.795Z | GET /uploads/HoYoWiki-image.png | 404 | 2.623 ms
2025-10-18T08:57:06.821Z | GET /uploads/HoYoWiki-image_4.png | 404 | 9.074 ms
2025-10-18T08:57:06.832Z | GET /uploads/HoYoWiki-image_2.png | 404 | 19.037 ms
2025-10-18T08:57:09.248Z | GET /api/orders/68f33dd3d990d4610411d2b7 | 304 | 87.494 ms
2025-10-18T08:57:12.966Z | GET /api/orders/68f33dd3d990d4610411d2b7 | 304 | 78.920 ms
2025-10-18T08:57:15.624Z | GET /uploads/HoYoWiki-image.png | 404 | 13.319 ms
2025-10-18T08:57:15.636Z | GET /uploads/HoYoWiki-image_2.png | 404 | 2.400 ms
2025-10-18T08:57:15.673Z | GET /uploads/HoYoWiki-image_4.png | 404 | 2.090 ms
2025-10-18T08:57:56.967Z | POST /api/login | 200 | 411.788 ms
2025-10-18T08:57:57.408Z | GET /api/product/fetch | 304 | 242.152 ms
2025-10-18T08:57:58.080Z | GET /uploads/HoYoWiki-image_4.png | 404 | 16.687 ms
2025-10-18T08:57:58.170Z | GET /uploads/HoYoWiki-image.png | 404 | 8.143 ms
2025-10-18T08:57:58.186Z | GET /uploads/HoYoWiki-image_2.png | 404 | 6.708 ms
2025-10-18T09:10:09.059Z | GET /api/product/fetch | 304 | 16227.691 ms
2025-10-18T09:10:09.648Z | GET /uploads/HoYoWiki-image_4.png | 404 | 2.637 ms
2025-10-18T09:10:09.657Z | GET /uploads/HoYoWiki-image_2.png | 404 | 1.389 ms
2025-10-18T09:10:09.672Z | GET /uploads/HoYoWiki-image.png | 404 | 3.380 ms
2025-10-18T09:10:31.687Z | GET /uploads/HoYoWiki-image_4.png | 404 | 1.846 ms
2025-10-18T09:10:31.700Z | GET /uploads/HoYoWiki-image_2.png | 404 | 6.413 ms
2025-10-18T09:10:31.722Z | GET /uploads/HoYoWiki-image.png | 404 | 11.191 ms
2025-10-18T09:19:34.957Z | POST /api/login | 200 | 373.239 ms
2025-10-18T09:19:35.267Z | GET /api/admin/products | 200 | 203.281 ms
2025-10-18T09:19:58.268Z | PUT /api/admin/products/68c7c1f2522f8932095f3508 | 200 | 2064.696 ms
2025-10-18T09:19:58.434Z | GET /api/admin/products | 200 | 133.718 ms
2025-10-18T09:22:12.755Z | PUT /api/admin/products/68c7c1f2522f8932095f3508 | 200 | 1971.813 ms
2025-10-18T09:22:13.195Z | GET /api/admin/products | 200 | 391.431 ms
